########### array before sorts ###########
0	-0.992000	110.468000	-0.992000	49.381000	n
1	-0.992000	49.381000	-0.888142	48.592120	n
2	-0.888142	48.592120	-0.583645	47.857000	n
3	-0.583645	47.857000	-0.099261	47.225739	n
4	-0.099261	47.225739	0.532000	46.741355	n
5	0.532000	46.741355	1.267120	46.436858	n
6	1.267120	46.436858	2.056000	46.333000	n
7	2.056000	46.333000	23.900000	46.333000	n
8	23.900000	46.333000	24.425920	46.402239	n
9	24.425920	46.402239	24.916000	46.605236	n
10	24.916000	46.605236	25.336841	46.928159	n
11	25.336841	46.928159	25.659764	47.349000	n
12	25.659764	47.349000	25.862761	47.839080	n
13	25.862761	47.839080	25.932000	48.365000	n
14	25.932000	48.365000	25.932000	109.579000	n
15	25.932000	109.579000	25.819487	110.433620	n
16	25.819487	110.433620	25.489616	111.230000	n
17	25.489616	111.230000	24.964867	111.913867	n
18	24.964867	111.913867	24.281000	112.438616	n
19	24.281000	112.438616	23.484620	112.768487	n
20	23.484620	112.768487	22.630000	112.881000	n
21	22.630000	112.881000	1.421000	112.881000	n
22	1.421000	112.881000	0.796470	112.798779	n
23	0.796470	112.798779	0.214500	112.557719	n
24	0.214500	112.557719	-0.285249	112.174249	n
25	-0.285249	112.174249	-0.668719	111.674500	n
26	-0.668719	111.674500	-0.909779	111.092530	n
27	-0.909779	111.092530	-0.992000	110.468000	n
Tolerance=0.050000.
*Exact match for i=0 and j=1.
*i point -0.992000	110.468000	-0.992000	49.381000	y
*Exact match for i=1 and j=2.
*i point -0.992000	49.381000	-0.888142	48.592120	y
*Exact match for i=2 and j=3.
*i point -0.888142	48.592120	-0.583645	47.857000	y
*Exact match for i=3 and j=4.
*i point -0.583645	47.857000	-0.099261	47.225739	y
*Exact match for i=4 and j=5.
*i point -0.099261	47.225739	0.532000	46.741355	y
*Exact match for i=5 and j=6.
*i point 0.532000	46.741355	1.267120	46.436858	y
*Exact match for i=6 and j=7.
*i point 1.267120	46.436858	2.056000	46.333000	y
*Exact match for i=7 and j=8.
*i point 2.056000	46.333000	23.900000	46.333000	y
*Exact match for i=8 and j=9.
*i point 23.900000	46.333000	24.425920	46.402239	y
*Exact match for i=9 and j=10.
*i point 24.425920	46.402239	24.916000	46.605236	y
*Exact match for i=10 and j=11.
*i point 24.916000	46.605236	25.336841	46.928159	y
*Exact match for i=11 and j=12.
*i point 25.336841	46.928159	25.659764	47.349000	y
*Exact match for i=12 and j=13.
*i point 25.659764	47.349000	25.862761	47.839080	y
*Exact match for i=13 and j=14.
*i point 25.862761	47.839080	25.932000	48.365000	y
*Exact match for i=14 and j=15.
*i point 25.932000	48.365000	25.932000	109.579000	y
*Exact match for i=15 and j=16.
*i point 25.932000	109.579000	25.819487	110.433620	y
*Exact match for i=16 and j=17.
*i point 25.819487	110.433620	25.489616	111.230000	y
*Exact match for i=17 and j=18.
*i point 25.489616	111.230000	24.964867	111.913867	y
*Exact match for i=18 and j=19.
*i point 24.964867	111.913867	24.281000	112.438616	y
*Exact match for i=19 and j=20.
*i point 24.281000	112.438616	23.484620	112.768487	y
*Exact match for i=20 and j=21.
*i point 23.484620	112.768487	22.630000	112.881000	y
*Exact match for i=21 and j=22.
*i point 22.630000	112.881000	1.421000	112.881000	y
*Exact match for i=22 and j=23.
*i point 1.421000	112.881000	0.796470	112.798779	y
*Exact match for i=23 and j=24.
*i point 0.796470	112.798779	0.214500	112.557719	y
*Exact match for i=24 and j=25.
*i point 0.214500	112.557719	-0.285249	112.174249	y
*Exact match for i=25 and j=26.
*i point -0.285249	112.174249	-0.668719	111.674500	y
*Exact match for i=26 and j=27.
*i point -0.668719	111.674500	-0.909779	111.092530	y
########### array after sorts ###########
0	-0.992000	110.468000	-0.992000	49.381000	y
1	-0.992000	49.381000	-0.888142	48.592120	y
2	-0.888142	48.592120	-0.583645	47.857000	y
3	-0.583645	47.857000	-0.099261	47.225739	y
4	-0.099261	47.225739	0.532000	46.741355	y
5	0.532000	46.741355	1.267120	46.436858	y
6	1.267120	46.436858	2.056000	46.333000	y
7	2.056000	46.333000	23.900000	46.333000	y
8	23.900000	46.333000	24.425920	46.402239	y
9	24.425920	46.402239	24.916000	46.605236	y
10	24.916000	46.605236	25.336841	46.928159	y
11	25.336841	46.928159	25.659764	47.349000	y
12	25.659764	47.349000	25.862761	47.839080	y
13	25.862761	47.839080	25.932000	48.365000	y
14	25.932000	48.365000	25.932000	109.579000	y
15	25.932000	109.579000	25.819487	110.433620	y
16	25.819487	110.433620	25.489616	111.230000	y
17	25.489616	111.230000	24.964867	111.913867	y
18	24.964867	111.913867	24.281000	112.438616	y
19	24.281000	112.438616	23.484620	112.768487	y
20	23.484620	112.768487	22.630000	112.881000	y
21	22.630000	112.881000	1.421000	112.881000	y
22	1.421000	112.881000	0.796470	112.798779	y
23	0.796470	112.798779	0.214500	112.557719	y
24	0.214500	112.557719	-0.285249	112.174249	y
25	-0.285249	112.174249	-0.668719	111.674500	y
26	-0.668719	111.674500	-0.909779	111.092530	y
27	-0.909779	111.092530	-0.992000	110.468000	y
***************
.BOARD_OUTLINE UNOWNED
1.6
0     -0.992000     110.468000     0
0     -0.992000     49.381000     0
0     -0.888142     48.592120     0
0     -0.583645     47.857000     0
0     -0.099261     47.225739     0
0     0.532000     46.741355     0
0     1.267120     46.436858     0
0     2.056000     46.333000     0
0     23.900000     46.333000     0
0     24.425920     46.402239     0
0     24.916000     46.605236     0
0     25.336841     46.928159     0
0     25.659764     47.349000     0
0     25.862761     47.839080     0
0     25.932000     48.365000     0
0     25.932000     109.579000     0
0     25.819487     110.433620     0
0     25.489616     111.230000     0
0     24.964867     111.913867     0
0     24.281000     112.438616     0
0     23.484620     112.768487     0
0     22.630000     112.881000     0
0     1.421000     112.881000     0
0     0.796470     112.798779     0
0     0.214500     112.557719     0
0     -0.285249     112.174249     0
0     -0.668719     111.674500     0
0     -0.909779     111.092530     0
0     -0.992000     110.468000     0
